<?xml version="1.0" encoding="UTF-8"?>
<testng-results ignored="0" total="1" passed="1" failed="0" skipped="0">
  <reporter-output>
  </reporter-output>
  <suite started-at="2022-08-16T17:04:36 IST" name="Default suite" finished-at="2022-08-16T17:05:01 IST" duration-ms="24775">
    <groups>
    </groups>
    <test started-at="2022-08-16T17:04:36 IST" name="Default test" finished-at="2022-08-16T17:05:01 IST" duration-ms="24775">
      <class name="com.Automation.Test.AddUsersmavenTest">
        <test-method is-config="true" signature="Precondition()[pri:0, instance:com.Automation.Test.AddUsersmavenTest@747edf66]" started-at="2022-08-16T17:04:36 IST" name="Precondition" finished-at="2022-08-16T17:04:39 IST" duration-ms="2463" status="PASS">
          <reporter-output>
          </reporter-output>
        </test-method> <!-- Precondition -->
        <test-method signature="VerifyAddUsers()[pri:0, instance:com.Automation.Test.AddUsersmavenTest@747edf66]" started-at="2022-08-16T17:04:39 IST" name="VerifyAddUsers" finished-at="2022-08-16T17:05:01 IST" duration-ms="22288" status="PASS">
          <reporter-output>
          </reporter-output>
        </test-method> <!-- VerifyAddUsers -->
      </class> <!-- com.Automation.Test.AddUsersmavenTest -->
    </test> <!-- Default test -->
  </suite> <!-- Default suite -->
</testng-results>
